[Licensing::Module] Trying to connect to existing licensing client channel...
Built from '6000.2/respin/6000.2.6f2-cc51a95c03' branch; Version is '6000.2.6f2 (4a4dcaec6541) revision 4869578'; Using compiler version '194234433'; Build Type 'Release'
[Licensing::IpcConnector] Successfully connected to: "LicenseClient-Nadiia" at "2026-02-28T13:20:08.7032097Z"
OS: 'Windows 10  (10.0.19045) 64bit Professional' Language: 'de' Physical Memory: 16289 MB
BatchMode: 1, IsHumanControllingUs: 0, StartBugReporterOnCrash: 0, Is64bit: 1
Date: 2026-02-28T13:20:08Z

COMMAND LINE ARGUMENTS:
C:\Program Files\Unity\Hub\Editor\6000.2.6f2\Editor\Unity.exe
-adb2
-batchMode
-noUpm
-name
AssetImportWorker2
-projectPath
D:/HS/VR/vr-2025-vrogger
-logFile
Logs/AssetImportWorker2.log
-srvPort
63851
-licensingIpc
LicenseClient-Nadiia
-job-worker-count
5
-background-job-worker-count
8
-gc-helper-count
1
-name
AssetImport
Successfully changed project path to: D:/HS/VR/vr-2025-vrogger
D:/HS/VR/vr-2025-vrogger
[UnityMemory] Configuration Parameters - Can be set up in boot.config
    "memorysetup-allocator-temp-initial-block-size-main=262144"
    "memorysetup-allocator-temp-initial-block-size-worker=262144"
    "memorysetup-bucket-allocator-granularity=16"
    "memorysetup-bucket-allocator-bucket-count=8"
    "memorysetup-bucket-allocator-block-size=33554432"
    "memorysetup-bucket-allocator-block-count=8"
    "memorysetup-main-allocator-block-size=16777216"
    "memorysetup-thread-allocator-block-size=16777216"
    "memorysetup-gfx-main-allocator-block-size=16777216"
    "memorysetup-gfx-thread-allocator-block-size=16777216"
    "memorysetup-cache-allocator-block-size=4194304"
    "memorysetup-typetree-allocator-block-size=2097152"
    "memorysetup-profiler-bucket-allocator-granularity=16"
    "memorysetup-profiler-bucket-allocator-bucket-count=8"
    "memorysetup-profiler-bucket-allocator-block-size=33554432"
    "memorysetup-profiler-bucket-allocator-block-count=8"
    "memorysetup-profiler-allocator-block-size=16777216"
    "memorysetup-profiler-editor-allocator-block-size=1048576"
    "memorysetup-temp-allocator-size-main=16777216"
    "memorysetup-job-temp-allocator-block-size=2097152"
    "memorysetup-job-temp-allocator-block-size-background=1048576"
    "memorysetup-job-temp-allocator-reduction-small-platforms=262144"
    "memorysetup-temp-allocator-size-background-worker=32768"
    "memorysetup-temp-allocator-size-job-worker=262144"
    "memorysetup-temp-allocator-size-preload-manager=33554432"
    "memorysetup-temp-allocator-size-nav-mesh-worker=65536"
    "memorysetup-temp-allocator-size-audio-worker=65536"
    "memorysetup-temp-allocator-size-cloud-worker=32768"
    "memorysetup-temp-allocator-size-gi-baking-worker=262144"
    "memorysetup-temp-allocator-size-gi-baking-worker=262144"
    "memorysetup-temp-allocator-size-gi-baking-worker=262144"
    "memorysetup-temp-allocator-size-gi-baking-worker=262144"
    "memorysetup-temp-allocator-size-gi-baking-worker=262144"
    "memorysetup-temp-allocator-size-gfx=262144"
Player connection [12772]  Target information:

Player connection [12772]  * "[IP] 192.168.178.132 [Port] 0 [Flags] 2 [Guid] 4244817747 [EditorId] 4244817747 [Version] 1048832 [Id] WindowsEditor(7,DESKTOP-PPEU8IO) [Debug] 1 [PackageName] WindowsEditor [ProjectName] Editor" 

Player connection [12772] Host joined multi-casting on [225.0.0.222:54997]...
Player connection [12772] Host joined alternative multi-casting on [225.0.0.222:34997]...
JobSystem: Creating JobQueue using job-worker-count value 5
Input System module state changed to: Initialized.
[Physics::Module] Initialized fallback backend.
[Physics::Module] Id: 0xdecafbad
[Licensing::Client] Code 10 while verifying Licensing Client signature (process Id: 49412, path: "D:/prog/Unity Hub/UnityLicensingClient_V1/Unity.Licensing.Client.exe")
[Licensing::Module] LicensingClient has failed validation; ignoring
[Licensing::Client] Handshaking with LicensingClient:
  Version:                 1.17.4+4293ba1
  Session Id:              2829b13298b34e2a8a2096292e4c694e
  Correlation Id:          8e939608aa75201bee8d018487be2b31
  External correlation Id: 7408873510435933030
  Machine Id:              NAc/zwWSWs2tamQpC8vhwjBuy4I=
[Licensing::Module] Successfully connected to LicensingClient on channel: "LicenseClient-Nadiia" (connect: 0.00s, validation: 0.00s, handshake: 0.05s)
[Licensing::IpcConnector] Successfully connected to: "LicenseClient-Nadiia-notifications" at "2026-02-28T13:20:08.7532573Z"
[Licensing::Module] Licensing Background thread has ended after 0.05s
Library Redirect Path: Library/
[Physics::Module] Selected backend.
[Physics::Module] Name: PhysX
[Physics::Module] Id: 0xf2b8ea05
[Physics::Module] SDK Version: 4.1.2
[Physics::Module] Integration Version: 1.0.0
[Physics::Module] Threading Mode: Multi-Threaded
Refreshing native plugins compatible for Editor in 24.87 ms, found 12 plugins.
Preloading 1 native plugins for Editor in 0.81 ms.
Initialize engine version: 6000.2.6f2 (4a4dcaec6541)
[Subsystems] Discovering subsystems at path C:/Program Files/Unity/Hub/Editor/6000.2.6f2/Editor/Data/Resources/UnitySubsystems
[Subsystems] Discovering subsystems at path D:/HS/VR/vr-2025-vrogger/Assets
GfxDevice: creating device client; kGfxThreadingModeNonThreaded
d3d12: failed to query info queue interface (0x80004002).
Direct3D:
    Version:         Direct3D 12 [level 12.1]
    Renderer:        NVIDIA GeForce RTX 4060 (ID=0x2882)
    Vendor:          NVIDIA
    VRAM:            7957 MB
    App VRAM Budget: 7189 MB
    Driver:          32.0.15.8180
Initialize mono
Mono path[0] = 'C:/Program Files/Unity/Hub/Editor/6000.2.6f2/Editor/Data/Managed'
Mono path[1] = 'C:/Program Files/Unity/Hub/Editor/6000.2.6f2/Editor/Data/MonoBleedingEdge/lib/mono/unityjit-win32'
Mono config path = 'C:/Program Files/Unity/Hub/Editor/6000.2.6f2/Editor/Data/MonoBleedingEdge/etc'
Using monoOptions --debugger-agent=transport=dt_socket,embedding=1,server=y,suspend=n,address=127.0.0.1:56272
Begin MonoManager ReloadAssembly
Registering precompiled unity dll's ...
Register platform support module: C:/Program Files/Unity/Hub/Editor/6000.2.6f2/Editor/Data/PlaybackEngines/WindowsStandaloneSupport/UnityEditor.WindowsStandalone.Extensions.dll
Registered in 0.002677 seconds.
- Loaded All Assemblies, in  0.549 seconds
Native extension for WindowsStandalone target not found
Mono: successfully reloaded assembly
- Finished resetting the current domain, in  0.461 seconds
Domain Reload Profiling: 1006ms
	BeginReloadAssembly (177ms)
		ExecutionOrderSort (0ms)
		DisableScriptedObjects (0ms)
		BackupInstance (0ms)
		ReleaseScriptingObjects (0ms)
		CreateAndSetChildDomain (1ms)
	RebuildCommonClasses (57ms)
	RebuildNativeTypeToScriptingClass (21ms)
	initialDomainReloadingComplete (70ms)
	LoadAllAssembliesAndSetupDomain (220ms)
		LoadAssemblies (172ms)
		RebuildTransferFunctionScriptingTraits (0ms)
		AnalyzeDomain (216ms)
			TypeCache.Refresh (214ms)
				TypeCache.ScanAssembly (196ms)
			BuildScriptInfoCaches (0ms)
			ResolveRequiredComponents (1ms)
	FinalizeReload (462ms)
		ReleaseScriptCaches (0ms)
		RebuildScriptCaches (0ms)
		SetupLoadedEditorAssemblies (399ms)
			LogAssemblyErrors (0ms)
			InitializePlatformSupportModulesInManaged (68ms)
			SetLoadedEditorAssemblies (5ms)
			BeforeProcessingInitializeOnLoad (86ms)
			ProcessInitializeOnLoadAttributes (169ms)
			ProcessInitializeOnLoadMethodAttributes (71ms)
			AfterProcessingInitializeOnLoad (0ms)
			EditorAssembliesLoaded (0ms)
		ExecutionOrderSort2 (0ms)
		AwakeInstancesAfterBackupRestoration (0ms)
========================================================================
Worker process is ready to serve import requests
Import Worker Mode flag is 0x00
Begin MonoManager ReloadAssembly
[Licensing::Client] Successfully resolved entitlement details
[Licensing::Module] License group:
  Id: 9072252638782-UnityPersXXXX
  Product: Unity Personal
  Type: Assigned
  Expiration: Unlimited
Asset path could not be found for script compilation file '/Assets/External/RETROWAVE SKIES Lite/Readme Assets/Scripts/ReadmeLite.cs'
Asset path could not be found for script compilation file '/Assets/External/RETROWAVE SKIES Lite/Scripts/GetGlobalMatrixLite.cs'
- Loaded All Assemblies, in  1.093 seconds
Refreshing native plugins compatible for Editor in 9.42 ms, found 12 plugins.
Native extension for WindowsStandalone target not found
Package Manager log level set to [2]
[Package Manager] Failed to launch server process. Reason: Unity was launched with the -noUpm command-line argument
[Package Manager] Unable to send message (not connected to server process).
[Package Manager] Cannot connect to Unity Package Manager local server
[Package Manager] Failed to launch server process. Reason: Unity was launched with the -noUpm command-line argument
[Package Manager] Unable to send message (not connected to server process).
[Package Manager] Cannot connect to Unity Package Manager local server
System.Reflection.TargetInvocationException: Exception has been thrown by the target of an invocation. ---> System.NullReferenceException: Object reference not set to an instance of an object
  at Unity.XR.Oculus.OculusLoader.AssetPathToAbsolutePath (System.String assetPath) [0x0003d] in .\Library\PackageCache\com.unity.xr.oculus@44578ba4bd45\Runtime\OculusLoader.cs:312 
  at Unity.XR.Oculus.OculusLoader.EditorLoadOVRPlugin () [0x0008c] in .\Library\PackageCache\com.unity.xr.oculus@44578ba4bd45\Runtime\OculusLoader.cs:297 
  at (wrapper managed-to-native) System.Reflection.RuntimeMethodInfo.InternalInvoke(System.Reflection.RuntimeMethodInfo,object,object[],System.Exception&)
  at System.Reflection.RuntimeMethodInfo.Invoke (System.Object obj, System.Reflection.BindingFlags invokeAttr, System.Reflection.Binder binder, System.Object[] parameters, System.Globalization.CultureInfo culture) [0x0006a] in <59bd7c40c082431db25e1e728ab62789>:0 
   --- End of inner exception stack trace ---
  at System.Reflection.RuntimeMethodInfo.Invoke (System.Object obj, System.Reflection.BindingFlags invokeAttr, System.Reflection.Binder binder, System.Object[] parameters, System.Globalization.CultureInfo culture) [0x00083] in <59bd7c40c082431db25e1e728ab62789>:0 
  at System.Reflection.MethodBase.Invoke (System.Object obj, System.Object[] parameters) [0x00000] in <59bd7c40c082431db25e1e728ab62789>:0 
  at UnityEditor.EditorAssemblies.ProcessInitializeOnLoadMethodAttributes () [0x00087] in <8081513dc2364383b8289d30d2169b2e>:0 
UnityEngine.Debug:ExtractStackTraceNoAlloc (byte*,int,string)
UnityEngine.StackTraceUtility:ExtractStackTrace ()
UnityEngine.DebugLogHandler:Internal_Log (UnityEngine.LogType,UnityEngine.LogOption,string,UnityEngine.Object)
UnityEngine.DebugLogHandler:LogFormat (UnityEngine.LogType,UnityEngine.Object,string,object[])
UnityEngine.Logger:Log (UnityEngine.LogType,object)
UnityEngine.Debug:LogError (object)
UnityEditor.EditorAssemblies:ProcessInitializeOnLoadMethodAttributes ()

Mono: successfully reloaded assembly
[Package Manager] Failed to launch server process. Reason: Unity was launched with the -noUpm command-line argument
[Package Manager] Unable to send message (not connected to server process).
[Package Manager] Cannot connect to Unity Package Manager local server
[Package Manager] Failed to launch server process. Reason: Unity was launched with the -noUpm command-line argument
[Package Manager] Unable to send message (not connected to server process).
[Package Manager] Cannot connect to Unity Package Manager local server
- Finished resetting the current domain, in  1.161 seconds
Domain Reload Profiling: 2249ms
	BeginReloadAssembly (248ms)
		ExecutionOrderSort (0ms)
		DisableScriptedObjects (11ms)
		BackupInstance (0ms)
		ReleaseScriptingObjects (0ms)
		CreateAndSetChildDomain (34ms)
	RebuildCommonClasses (51ms)
	RebuildNativeTypeToScriptingClass (17ms)
	initialDomainReloadingComplete (53ms)
	LoadAllAssembliesAndSetupDomain (719ms)
		LoadAssemblies (477ms)
		RebuildTransferFunctionScriptingTraits (0ms)
		AnalyzeDomain (383ms)
			TypeCache.Refresh (281ms)
				TypeCache.ScanAssembly (257ms)
			BuildScriptInfoCaches (80ms)
			ResolveRequiredComponents (18ms)
	FinalizeReload (1161ms)
		ReleaseScriptCaches (0ms)
		RebuildScriptCaches (0ms)
		SetupLoadedEditorAssemblies (901ms)
			LogAssemblyErrors (0ms)
			InitializePlatformSupportModulesInManaged (2ms)
			SetLoadedEditorAssemblies (4ms)
			BeforeProcessingInitializeOnLoad (183ms)
			ProcessInitializeOnLoadAttributes (534ms)
			ProcessInitializeOnLoadMethodAttributes (167ms)
			AfterProcessingInitializeOnLoad (11ms)
			EditorAssembliesLoaded (0ms)
		ExecutionOrderSort2 (0ms)
		AwakeInstancesAfterBackupRestoration (7ms)
Launched and connected shader compiler UnityShaderCompiler.exe after 0.02 seconds
Refreshing native plugins compatible for Editor in 9.45 ms, found 12 plugins.
Preloading 1 native plugins for Editor in 0.08 ms.
Unloading 13 Unused Serialized files (Serialized files now loaded: 0)
Unloading 7203 unused Assets / (4.7 MB). Loaded Objects now: 7951.
Memory consumption went from 139.2 MB to 134.5 MB.
Total: 11.101500 ms (FindLiveObjects: 1.169800 ms CreateObjectMapping: 0.448200 ms MarkObjects: 5.812600 ms  DeleteObjects: 3.669800 ms)

========================================================================
Received Prepare
Begin MonoManager ReloadAssembly
- Loaded All Assemblies, in  1.371 seconds
Refreshing native plugins compatible for Editor in 10.44 ms, found 12 plugins.
Native extension for WindowsStandalone target not found
[Package Manager] Failed to launch server process. Reason: Unity was launched with the -noUpm command-line argument
[Package Manager] Unable to send message (not connected to server process).
[Package Manager] Cannot connect to Unity Package Manager local server
[Package Manager] Failed to launch server process. Reason: Unity was launched with the -noUpm command-line argument
[Package Manager] Unable to send message (not connected to server process).
[Package Manager] Cannot connect to Unity Package Manager local server
System.Reflection.TargetInvocationException: Exception has been thrown by the target of an invocation. ---> System.NullReferenceException: Object reference not set to an instance of an object
  at Unity.XR.Oculus.OculusLoader.AssetPathToAbsolutePath (System.String assetPath) [0x0003d] in .\Library\PackageCache\com.unity.xr.oculus@44578ba4bd45\Runtime\OculusLoader.cs:312 
  at Unity.XR.Oculus.OculusLoader.EditorLoadOVRPlugin () [0x0008c] in .\Library\PackageCache\com.unity.xr.oculus@44578ba4bd45\Runtime\OculusLoader.cs:297 
  at (wrapper managed-to-native) System.Reflection.RuntimeMethodInfo.InternalInvoke(System.Reflection.RuntimeMethodInfo,object,object[],System.Exception&)
  at System.Reflection.RuntimeMethodInfo.Invoke (System.Object obj, System.Reflection.BindingFlags invokeAttr, System.Reflection.Binder binder, System.Object[] parameters, System.Globalization.CultureInfo culture) [0x0006a] in <59bd7c40c082431db25e1e728ab62789>:0 
   --- End of inner exception stack trace ---
  at System.Reflection.RuntimeMethodInfo.Invoke (System.Object obj, System.Reflection.BindingFlags invokeAttr, System.Reflection.Binder binder, System.Object[] parameters, System.Globalization.CultureInfo culture) [0x00083] in <59bd7c40c082431db25e1e728ab62789>:0 
  at System.Reflection.MethodBase.Invoke (System.Object obj, System.Object[] parameters) [0x00000] in <59bd7c40c082431db25e1e728ab62789>:0 
  at UnityEditor.EditorAssemblies.ProcessInitializeOnLoadMethodAttributes () [0x00087] in <8081513dc2364383b8289d30d2169b2e>:0 
UnityEngine.Debug:ExtractStackTraceNoAlloc (byte*,int,string)
UnityEngine.StackTraceUtility:ExtractStackTrace ()
UnityEngine.DebugLogHandler:Internal_Log (UnityEngine.LogType,UnityEngine.LogOption,string,UnityEngine.Object)
UnityEngine.DebugLogHandler:LogFormat (UnityEngine.LogType,UnityEngine.Object,string,object[])
UnityEngine.Logger:Log (UnityEngine.LogType,object)
UnityEngine.Debug:LogError (object)
UnityEditor.EditorAssemblies:ProcessInitializeOnLoadMethodAttributes ()

Mono: successfully reloaded assembly
[Package Manager] Failed to launch server process. Reason: Unity was launched with the -noUpm command-line argument
[Package Manager] Unable to send message (not connected to server process).
[Package Manager] Cannot connect to Unity Package Manager local server
- Finished resetting the current domain, in  1.477 seconds
Domain Reload Profiling: 2848ms
	BeginReloadAssembly (319ms)
		ExecutionOrderSort (0ms)
		DisableScriptedObjects (9ms)
		BackupInstance (0ms)
		ReleaseScriptingObjects (0ms)
		CreateAndSetChildDomain (68ms)
	RebuildCommonClasses (64ms)
	RebuildNativeTypeToScriptingClass (26ms)
	initialDomainReloadingComplete (43ms)
	LoadAllAssembliesAndSetupDomain (917ms)
		LoadAssemblies (695ms)
		RebuildTransferFunctionScriptingTraits (0ms)
		AnalyzeDomain (379ms)
			TypeCache.Refresh (16ms)
				TypeCache.ScanAssembly (2ms)
			BuildScriptInfoCaches (333ms)
			ResolveRequiredComponents (25ms)
	FinalizeReload (1478ms)
		ReleaseScriptCaches (0ms)
		RebuildScriptCaches (0ms)
		SetupLoadedEditorAssemblies (1071ms)
			LogAssemblyErrors (0ms)
			InitializePlatformSupportModulesInManaged (3ms)
			SetLoadedEditorAssemblies (9ms)
			BeforeProcessingInitializeOnLoad (258ms)
			ProcessInitializeOnLoadAttributes (607ms)
			ProcessInitializeOnLoadMethodAttributes (184ms)
			AfterProcessingInitializeOnLoad (10ms)
			EditorAssembliesLoaded (0ms)
		ExecutionOrderSort2 (0ms)
		AwakeInstancesAfterBackupRestoration (21ms)
Refreshing native plugins compatible for Editor in 13.04 ms, found 12 plugins.
Preloading 1 native plugins for Editor in 0.08 ms.
Unloading 13 Unused Serialized files (Serialized files now loaded: 0)
Unloading 7201 unused Assets / (4.1 MB). Loaded Objects now: 7966.
Memory consumption went from 147.0 MB to 142.9 MB.
Total: 12.563000 ms (FindLiveObjects: 1.105800 ms CreateObjectMapping: 1.150500 ms MarkObjects: 7.070600 ms  DeleteObjects: 3.234600 ms)

Prepare: number of updated asset objects reloaded= 0
========================================================================
Received Import Request.
  Time since last request: 6887541.453919 seconds.
  path: Assets/VRogger/Scenes/Pleytest_SkyBox.unity
  artifactKey: Guid(cfcfe94bcecab9848aae2f65cd074180) Importer(815301076,1909f56bfc062723c751e8b465ee728b)
Start importing Assets/VRogger/Scenes/Pleytest_SkyBox.unity using Guid(cfcfe94bcecab9848aae2f65cd074180) Importer(815301076,1909f56bfc062723c751e8b465ee728b) (PreviewImporter) -> (artifact id: '7728e08debfddec3b3b7ff30ba5d589e') in 0.0204883 seconds
Number of updated asset objects reloaded before import = 0Number of asset objects unloaded after import = 0

========================================================================
Received Import Request.
  Time since last request: 4.650414 seconds.
  path: Assets/TestPlatform.cs
  artifactKey: Guid(50e989f05807711469f201d7ecfd8fc9) Importer(2089858483,192608db42251d675da83286b1cce702)
Start importing Assets/TestPlatform.cs using Guid(50e989f05807711469f201d7ecfd8fc9) Importer(2089858483,192608db42251d675da83286b1cce702) (ScriptedImporter) -> (artifact id: '94a6e90840add4b427dba78c1c6f00cc') in 0.3023454 seconds
Number of updated asset objects reloaded before import = 0Number of asset objects unloaded after import = 0

========================================================================
Received Import Request.
  Time since last request: 0.000033 seconds.
  path: Assets/_Recovery/0.unity
  artifactKey: Guid(bc66f6880dab4f74b971c60bfa46b3e0) Importer(2089858483,192608db42251d675da83286b1cce702)
Start importing Assets/_Recovery/0.unity using Guid(bc66f6880dab4f74b971c60bfa46b3e0) Importer(2089858483,192608db42251d675da83286b1cce702) (ScriptedImporter) -> (artifact id: '49e311621a1c95cb1ddb6e8d12c80f51') in 0.0649478 seconds
Number of updated asset objects reloaded before import = 0Number of asset objects unloaded after import = 1

========================================================================
Received Import Request.
  Time since last request: 0.000037 seconds.
  path: Assets/VRogger/Material/Water.mat
  artifactKey: Guid(1f10d6cae9584b94a867789447627fac) Importer(2089858483,192608db42251d675da83286b1cce702)
Start importing Assets/VRogger/Material/Water.mat using Guid(1f10d6cae9584b94a867789447627fac) Importer(2089858483,192608db42251d675da83286b1cce702) (ScriptedImporter) -> (artifact id: 'ccdd89df6a7889a378568595cf8217ff') in 0.06693 seconds
Number of updated asset objects reloaded before import = 0Number of asset objects unloaded after import = 1

========================================================================
Received Import Request.
  Time since last request: 0.000020 seconds.
  path: Assets/VRogger/Sounds/horn2.wav
  artifactKey: Guid(712782cb6311d094bb6895c61f03cfe2) Importer(2089858483,192608db42251d675da83286b1cce702)
Start importing Assets/VRogger/Sounds/horn2.wav using Guid(712782cb6311d094bb6895c61f03cfe2) Importer(2089858483,192608db42251d675da83286b1cce702) (ScriptedImporter) -> (artifact id: '2092616d712eb64ed1f4efddcf87ef83') in 0.0809896 seconds
Number of updated asset objects reloaded before import = 0Number of asset objects unloaded after import = 1

========================================================================
Received Import Request.
  Time since last request: 0.000021 seconds.
  path: Assets/Samples/XRRigOriginController.cs
  artifactKey: Guid(982d43163caf7084ab16d6d77bcb4bb2) Importer(2089858483,192608db42251d675da83286b1cce702)
Start importing Assets/Samples/XRRigOriginController.cs using Guid(982d43163caf7084ab16d6d77bcb4bb2) Importer(2089858483,192608db42251d675da83286b1cce702) (ScriptedImporter) -> (artifact id: '0e6ada14062d2b463a9ced0ec5b16d54') in 0.0135395 seconds
Number of updated asset objects reloaded before import = 0Number of asset objects unloaded after import = 0

========================================================================
Received Import Request.
  Time since last request: 0.000029 seconds.
  path: Assets/Sounds/CarHit.wav
  artifactKey: Guid(c867908a15a355a4a9f9eaa1ab9deb95) Importer(2089858483,192608db42251d675da83286b1cce702)
Start importing Assets/Sounds/CarHit.wav using Guid(c867908a15a355a4a9f9eaa1ab9deb95) Importer(2089858483,192608db42251d675da83286b1cce702) (ScriptedImporter) -> (artifact id: '368bd11e7d365fff82931d0c329d415a') in 0.0424943 seconds
Number of updated asset objects reloaded before import = 0Number of asset objects unloaded after import = 1

========================================================================
Received Import Request.
  Time since last request: 0.000022 seconds.
  path: Assets/Samples/Teleport/TeleportReticle.mat
  artifactKey: Guid(a914726ada094b04998527c3c28c87a6) Importer(2089858483,192608db42251d675da83286b1cce702)
Start importing Assets/Samples/Teleport/TeleportReticle.mat using Guid(a914726ada094b04998527c3c28c87a6) Importer(2089858483,192608db42251d675da83286b1cce702) (ScriptedImporter) -> (artifact id: 'fbfcc60780ba59577fb91f22e4347760') in 0.0361796 seconds
Number of updated asset objects reloaded before import = 0Number of asset objects unloaded after import = 1

========================================================================
Received Import Request.
  Time since last request: 0.000020 seconds.
  path: Assets/VRogger/Material/street.png
  artifactKey: Guid(f144d3ca1fd93804e943df1ecb8e2341) Importer(2089858483,192608db42251d675da83286b1cce702)
Start importing Assets/VRogger/Material/street.png using Guid(f144d3ca1fd93804e943df1ecb8e2341) Importer(2089858483,192608db42251d675da83286b1cce702) (ScriptedImporter) -> (artifact id: 'dd8d30eccce6b26fbfb2833f25d9ddaa') in 0.1211088 seconds
Number of updated asset objects reloaded before import = 0Number of asset objects unloaded after import = 1

========================================================================
Received Import Request.
  Time since last request: 0.000031 seconds.
  path: Assets/VRogger/Blender/Frog/Frog.png
  artifactKey: Guid(73f00a099f0310f4889ec5b200643107) Importer(2089858483,192608db42251d675da83286b1cce702)
Start importing Assets/VRogger/Blender/Frog/Frog.png using Guid(73f00a099f0310f4889ec5b200643107) Importer(2089858483,192608db42251d675da83286b1cce702) (ScriptedImporter) -> (artifact id: '4c57c9a68d56b63b3db642bebe3bb662') in 0.0609034 seconds
Number of updated asset objects reloaded before import = 0Number of asset objects unloaded after import = 1

========================================================================
Received Import Request.
  Time since last request: 0.000031 seconds.
  path: Assets/Resources/Materials/OnCooldown.mat
  artifactKey: Guid(32cb4c5850662a9469298fc118df83f5) Importer(2089858483,192608db42251d675da83286b1cce702)
Start importing Assets/Resources/Materials/OnCooldown.mat using Guid(32cb4c5850662a9469298fc118df83f5) Importer(2089858483,192608db42251d675da83286b1cce702) (ScriptedImporter) -> (artifact id: '4b415716786f90932c1ea9e5508e2aea') in 0.0394738 seconds
Number of updated asset objects reloaded before import = 0Number of asset objects unloaded after import = 1

========================================================================
Received Import Request.
  Time since last request: 0.000019 seconds.
  path: Assets/VRogger/Scenes/WhiteBoxingPrototype.unity
  artifactKey: Guid(8b988bfd7aee0794396d464655734b8a) Importer(2089858483,192608db42251d675da83286b1cce702)
Start importing Assets/VRogger/Scenes/WhiteBoxingPrototype.unity using Guid(8b988bfd7aee0794396d464655734b8a) Importer(2089858483,192608db42251d675da83286b1cce702) (ScriptedImporter) -> (artifact id: '10d9e81881430b38abd2bff533291703') in 0.0424057 seconds
Number of updated asset objects reloaded before import = 0Number of asset objects unloaded after import = 1

========================================================================
Received Import Request.
  Time since last request: 0.000019 seconds.
  path: Assets/XRI/Settings/XRInteractionEditorSettings.asset
  artifactKey: Guid(c160671815491b7469c679ecb5edb1e6) Importer(2089858483,192608db42251d675da83286b1cce702)
Start importing Assets/XRI/Settings/XRInteractionEditorSettings.asset using Guid(c160671815491b7469c679ecb5edb1e6) Importer(2089858483,192608db42251d675da83286b1cce702) (ScriptedImporter) -> (artifact id: '0c509a280feaa56b0e202396e0bb96d5') in 0.0706174 seconds
Number of updated asset objects reloaded before import = 0Number of asset objects unloaded after import = 1

========================================================================
Received Import Request.
  Time since last request: 0.000023 seconds.
  path: Assets/VRogger/Material/Textures/New Material.mat
  artifactKey: Guid(19d0c606ffed36c48b378bea72ea33d3) Importer(2089858483,192608db42251d675da83286b1cce702)
Start importing Assets/VRogger/Material/Textures/New Material.mat using Guid(19d0c606ffed36c48b378bea72ea33d3) Importer(2089858483,192608db42251d675da83286b1cce702) (ScriptedImporter) -> (artifact id: 'a2d19e43d2dac2ddd0a6ab1afb7636af') in 0.0315308 seconds
Number of updated asset objects reloaded before import = 0Number of asset objects unloaded after import = 1

========================================================================
Received Import Request.
  Time since last request: 0.000037 seconds.
  path: Assets/Samples/Teleport/TeleportationController.cs
  artifactKey: Guid(f2d252d8a7f0c5449bf34980cc32e5c7) Importer(2089858483,192608db42251d675da83286b1cce702)
Start importing Assets/Samples/Teleport/TeleportationController.cs using Guid(f2d252d8a7f0c5449bf34980cc32e5c7) Importer(2089858483,192608db42251d675da83286b1cce702) (ScriptedImporter) -> (artifact id: '92377a2f73248bf3df83d1c7d493e374') in 0.0116234 seconds
Number of updated asset objects reloaded before import = 0Number of asset objects unloaded after import = 0

========================================================================
Received Import Request.
  Time since last request: 0.000018 seconds.
  path: Assets/VRogger/Blender/Frog/Frog.mtl
  artifactKey: Guid(20f37043039209f499ae9284bd419506) Importer(2089858483,192608db42251d675da83286b1cce702)
Start importing Assets/VRogger/Blender/Frog/Frog.mtl using Guid(20f37043039209f499ae9284bd419506) Importer(2089858483,192608db42251d675da83286b1cce702) (ScriptedImporter) -> (artifact id: '10c78f2bbc2e3c519190e960c92ccd1d') in 0.0116387 seconds
Number of updated asset objects reloaded before import = 0Number of asset objects unloaded after import = 1

========================================================================
Received Import Request.
  Time since last request: 0.000018 seconds.
  path: Assets/Samples/Teleport/Teleport Reticle.prefab
  artifactKey: Guid(b74497d17fc4e3743a4e92c1128d7c42) Importer(2089858483,192608db42251d675da83286b1cce702)
Start importing Assets/Samples/Teleport/Teleport Reticle.prefab using Guid(b74497d17fc4e3743a4e92c1128d7c42) Importer(2089858483,192608db42251d675da83286b1cce702) (ScriptedImporter) -> (artifact id: 'df6b7ad99e9079a3071fda07eaaea143') in 0.046664 seconds
Number of updated asset objects reloaded before import = 0Number of asset objects unloaded after import = 9

========================================================================
Received Import Request.
  Time since last request: 0.000020 seconds.
  path: Assets/Samples/Teleport/Teleporter.prefab
  artifactKey: Guid(d6089fa01ea387147bffb451c67ff25d) Importer(2089858483,192608db42251d675da83286b1cce702)
Start importing Assets/Samples/Teleport/Teleporter.prefab using Guid(d6089fa01ea387147bffb451c67ff25d) Importer(2089858483,192608db42251d675da83286b1cce702) (ScriptedImporter) -> (artifact id: '6fc8a957a8c5e396070a0b964c9c03bf') in 0.3005428 seconds
Number of updated asset objects reloaded before import = 0Number of asset objects unloaded after import = 15

========================================================================
Received Import Request.
  Time since last request: 0.000031 seconds.
  path: Assets/Sounds/ItemGrab.wav
  artifactKey: Guid(ed5c4c37f6fae0e41a2ef01d77f7961b) Importer(2089858483,192608db42251d675da83286b1cce702)
Start importing Assets/Sounds/ItemGrab.wav using Guid(ed5c4c37f6fae0e41a2ef01d77f7961b) Importer(2089858483,192608db42251d675da83286b1cce702) (ScriptedImporter) -> (artifact id: 'ae00943ac87dccd157e87c7949af5aa5') in 0.0692807 seconds
Number of updated asset objects reloaded before import = 0Number of asset objects unloaded after import = 1

========================================================================
Received Import Request.
  Time since last request: 0.000017 seconds.
  path: Assets/VRogger/Scenes/MainMenu.unity
  artifactKey: Guid(ea447308cb306ad4296ef1c1859c85d2) Importer(2089858483,192608db42251d675da83286b1cce702)
Start importing Assets/VRogger/Scenes/MainMenu.unity using Guid(ea447308cb306ad4296ef1c1859c85d2) Importer(2089858483,192608db42251d675da83286b1cce702) (ScriptedImporter) -> (artifact id: '51f78403d0663e0292c28a1c8db57b8e') in 0.0270802 seconds
Number of updated asset objects reloaded before import = 0Number of asset objects unloaded after import = 1

========================================================================
Received Import Request.
  Time since last request: 0.000019 seconds.
  path: Assets/VRogger/Prefabs/Shop/Shop-Traffic.prefab
  artifactKey: Guid(e3f81d94e11a9874e919cf8ef571dc5d) Importer(2089858483,192608db42251d675da83286b1cce702)
Start importing Assets/VRogger/Prefabs/Shop/Shop-Traffic.prefab using Guid(e3f81d94e11a9874e919cf8ef571dc5d) Importer(2089858483,192608db42251d675da83286b1cce702) (ScriptedImporter) -> (artifact id: '80579b2651033a9c42ed2ead87db5263') in 0.3266463 seconds
Number of updated asset objects reloaded before import = 0Number of asset objects unloaded after import = 38

========================================================================
Received Import Request.
  Time since last request: 0.000033 seconds.
  path: Assets/Resources/Prefabs/PowerUps/TrafficCone_Interactable.prefab
  artifactKey: Guid(32382d6d20369254fbe3e6334382bae0) Importer(2089858483,192608db42251d675da83286b1cce702)
Start importing Assets/Resources/Prefabs/PowerUps/TrafficCone_Interactable.prefab using Guid(32382d6d20369254fbe3e6334382bae0) Importer(2089858483,192608db42251d675da83286b1cce702) (ScriptedImporter) -> (artifact id: '060537d5a3b441e3b7f8e2a1096e8d4d') in 0.0455431 seconds
Number of updated asset objects reloaded before import = 0Number of asset objects unloaded after import = 13

========================================================================
Received Import Request.
  Time since last request: 0.000029 seconds.
  path: Assets/VRogger/Material/Textures/RenderTexture.renderTexture
  artifactKey: Guid(216e2daebbf6e4a4daa0901854ec682c) Importer(2089858483,192608db42251d675da83286b1cce702)
Start importing Assets/VRogger/Material/Textures/RenderTexture.renderTexture using Guid(216e2daebbf6e4a4daa0901854ec682c) Importer(2089858483,192608db42251d675da83286b1cce702) (ScriptedImporter) -> (artifact id: '541ccea2bde27130b7550e3e8036b745') in 0.0989466 seconds
Number of updated asset objects reloaded before import = 0Number of asset objects unloaded after import = 1

========================================================================
Received Import Request.
  Time since last request: 0.000023 seconds.
  path: Assets/VRogger/Scripts/UI/PcUIController.cs
  artifactKey: Guid(06352cb2407220c3aba04128aea85def) Importer(2089858483,192608db42251d675da83286b1cce702)
Start importing Assets/VRogger/Scripts/UI/PcUIController.cs using Guid(06352cb2407220c3aba04128aea85def) Importer(2089858483,192608db42251d675da83286b1cce702) (ScriptedImporter) -> (artifact id: '320e17b4b27502886670861aaad0b99f') in 0.0130034 seconds
Number of updated asset objects reloaded before import = 0Number of asset objects unloaded after import = 0

========================================================================
Received Import Request.
  Time since last request: 0.000025 seconds.
  path: Assets/VRogger/Scripts/UI/UIController.cs
  artifactKey: Guid(a23c6ccac5278844ea71a7c53bada8a6) Importer(2089858483,192608db42251d675da83286b1cce702)
Start importing Assets/VRogger/Scripts/UI/UIController.cs using Guid(a23c6ccac5278844ea71a7c53bada8a6) Importer(2089858483,192608db42251d675da83286b1cce702) (ScriptedImporter) -> (artifact id: '9d9d2dd7251ce8926335f00d6b6ac930') in 0.0164462 seconds
Number of updated asset objects reloaded before import = 0Number of asset objects unloaded after import = 0

========================================================================
Received Import Request.
  Time since last request: 0.000028 seconds.
  path: Assets/Sounds/Leap of Chaos Metal (Cover).mp3
  artifactKey: Guid(db5c9503ad624c146941bd1fe8a1c388) Importer(2089858483,192608db42251d675da83286b1cce702)
Start importing Assets/Sounds/Leap of Chaos Metal (Cover).mp3 using Guid(db5c9503ad624c146941bd1fe8a1c388) Importer(2089858483,192608db42251d675da83286b1cce702) (ScriptedImporter) -> (artifact id: '3374c91882fcbe13aa879f9285f098eb') in 0.0882958 seconds
Number of updated asset objects reloaded before import = 0Number of asset objects unloaded after import = 1

========================================================================
Received Import Request.
  Time since last request: 0.000019 seconds.
  path: Assets/VRogger/Prefabs/UI/HP Icon.prefab
  artifactKey: Guid(ee346756c5c2f794ab67e0921efd7e21) Importer(2089858483,192608db42251d675da83286b1cce702)
Start importing Assets/VRogger/Prefabs/UI/HP Icon.prefab using Guid(ee346756c5c2f794ab67e0921efd7e21) Importer(2089858483,192608db42251d675da83286b1cce702) (ScriptedImporter) -> (artifact id: 'a89ac56cdf4c512f1898cb3149344650') in 0.0744572 seconds
Number of updated asset objects reloaded before import = 0Number of asset objects unloaded after import = 6

========================================================================
Received Import Request.
  Time since last request: 0.000023 seconds.
  path: Assets/VRogger/Sounds/Music/MainMenu.mp3
  artifactKey: Guid(e406841eafe50614e99aa233e04abe84) Importer(2089858483,192608db42251d675da83286b1cce702)
Start importing Assets/VRogger/Sounds/Music/MainMenu.mp3 using Guid(e406841eafe50614e99aa233e04abe84) Importer(2089858483,192608db42251d675da83286b1cce702) (ScriptedImporter) -> (artifact id: '007c818e88c527735b7c0bff373f06dc') in 0.1070722 seconds
Number of updated asset objects reloaded before import = 0Number of asset objects unloaded after import = 1

========================================================================
Received Import Request.
  Time since last request: 0.000032 seconds.
  path: Assets/Resources/Prefabs/Tiles/WaterTile_Tree.prefab
  artifactKey: Guid(0718ef873f67a044ea9fbcf53794c072) Importer(2089858483,192608db42251d675da83286b1cce702)
Start importing Assets/Resources/Prefabs/Tiles/WaterTile_Tree.prefab using Guid(0718ef873f67a044ea9fbcf53794c072) Importer(2089858483,192608db42251d675da83286b1cce702) (ScriptedImporter) -> (artifact id: '1d8ca956db1df102e11759c51b8bcabe') in 0.0932549 seconds
Number of updated asset objects reloaded before import = 0Number of asset objects unloaded after import = 177

========================================================================
Received Import Request.
  Time since last request: 0.000027 seconds.
  path: Assets/Settings/PC_Renderer.asset
  artifactKey: Guid(f288ae1f4751b564a96ac7587541f7a2) Importer(2089858483,192608db42251d675da83286b1cce702)
Start importing Assets/Settings/PC_Renderer.asset using Guid(f288ae1f4751b564a96ac7587541f7a2) Importer(2089858483,192608db42251d675da83286b1cce702) (ScriptedImporter) -> (artifact id: '6ca10a32a33d827a46c282072ba92a39') in 0.085811 seconds
Number of updated asset objects reloaded before import = 0Number of asset objects unloaded after import = 1

========================================================================
Received Import Request.
  Time since last request: 0.000022 seconds.
  path: Assets/VRogger/Prefabs/Visuals/Barrier.prefab
  artifactKey: Guid(d7757149c90cea746b1a6d26b53fba34) Importer(2089858483,192608db42251d675da83286b1cce702)
Start importing Assets/VRogger/Prefabs/Visuals/Barrier.prefab using Guid(d7757149c90cea746b1a6d26b53fba34) Importer(2089858483,192608db42251d675da83286b1cce702) (ScriptedImporter) -> (artifact id: '312a1dcb66772d5a5a9b5ad76e46ca52') in 0.0503609 seconds
Number of updated asset objects reloaded before import = 0Number of asset objects unloaded after import = 33

========================================================================
Received Import Request.
  Time since last request: 0.000030 seconds.
  path: Assets/VRogger/Prefabs/Player/PlayerCamera.prefab
  artifactKey: Guid(a46c561d1d23d4a4a9f5577e3c41f302) Importer(2089858483,192608db42251d675da83286b1cce702)
Start importing Assets/VRogger/Prefabs/Player/PlayerCamera.prefab using Guid(a46c561d1d23d4a4a9f5577e3c41f302) Importer(2089858483,192608db42251d675da83286b1cce702) (ScriptedImporter) -> (artifact id: 'b4f4eff885dd8ca52889ac84d615d7a7') in 0.0828205 seconds
Number of updated asset objects reloaded before import = 0Number of asset objects unloaded after import = 6

========================================================================
Received Import Request.
  Time since last request: 0.000018 seconds.
  path: Assets/VRogger/Blender/Treetrunk/Treetrunk.blend
  artifactKey: Guid(0fd66166269fd2f4a88b5ebd8d7d9ec1) Importer(2089858483,192608db42251d675da83286b1cce702)
Start importing Assets/VRogger/Blender/Treetrunk/Treetrunk.blend using Guid(0fd66166269fd2f4a88b5ebd8d7d9ec1) Importer(2089858483,192608db42251d675da83286b1cce702) (ScriptedImporter) -> (artifact id: '1617fa3b6de3bc596b1d960b0b358f80') in 0.0519275 seconds
Number of updated asset objects reloaded before import = 0Number of asset objects unloaded after import = 9

========================================================================
Received Import Request.
  Time since last request: 0.000024 seconds.
  path: Assets/_Recovery/0 (2).unity
  artifactKey: Guid(0c77161d2d41fd94c8e0b4ddf3d6e3f7) Importer(2089858483,192608db42251d675da83286b1cce702)
Start importing Assets/_Recovery/0 (2).unity using Guid(0c77161d2d41fd94c8e0b4ddf3d6e3f7) Importer(2089858483,192608db42251d675da83286b1cce702) (ScriptedImporter) -> (artifact id: '5fd2f51a36a390eb8e6f8072a60db8d7') in 0.0276646 seconds
Number of updated asset objects reloaded before import = 0Number of asset objects unloaded after import = 1

========================================================================
Received Import Request.
  Time since last request: 0.000032 seconds.
  path: Assets/XR/Settings/OpenXR Editor Settings.asset
  artifactKey: Guid(8615e71d41826cb40ab00312c2c3c74d) Importer(2089858483,192608db42251d675da83286b1cce702)
Start importing Assets/XR/Settings/OpenXR Editor Settings.asset using Guid(8615e71d41826cb40ab00312c2c3c74d) Importer(2089858483,192608db42251d675da83286b1cce702) (ScriptedImporter) -> (artifact id: 'e050bb4832a78a4a139b11690102be88') in 0.0231788 seconds
Number of updated asset objects reloaded before import = 0Number of asset objects unloaded after import = 1

========================================================================
Received Import Request.
  Time since last request: 0.000020 seconds.
  path: Assets/VRogger/Shaders/Shader Graphs_SnapCubeOutline.mat
  artifactKey: Guid(ab6e490f53a724047be68770a1a7b7a4) Importer(2089858483,192608db42251d675da83286b1cce702)
Start importing Assets/VRogger/Shaders/Shader Graphs_SnapCubeOutline.mat using Guid(ab6e490f53a724047be68770a1a7b7a4) Importer(2089858483,192608db42251d675da83286b1cce702) (ScriptedImporter) -> (artifact id: 'ead83dc4badf1b1165531449f628ed39') in 0.0167924 seconds
Number of updated asset objects reloaded before import = 0Number of asset objects unloaded after import = 6

========================================================================
Received Import Request.
  Time since last request: 0.000021 seconds.
  path: Assets/Resources/Prefabs/PowerUps/TimerCollectible_OLD.prefab
  artifactKey: Guid(0300726bd09c04e40a63afdcab7b4578) Importer(2089858483,192608db42251d675da83286b1cce702)
Start importing Assets/Resources/Prefabs/PowerUps/TimerCollectible_OLD.prefab using Guid(0300726bd09c04e40a63afdcab7b4578) Importer(2089858483,192608db42251d675da83286b1cce702) (ScriptedImporter) -> (artifact id: '399c83d9deeb3eb77f717595578f47e6') in 0.0786464 seconds
Number of updated asset objects reloaded before import = 0Number of asset objects unloaded after import = 8

========================================================================
Received Import Request.
  Time since last request: 0.000023 seconds.
  path: Assets/Samples/Controller/Controller_Grey.mat
  artifactKey: Guid(8335de172c6fb624681ae28db5274929) Importer(2089858483,192608db42251d675da83286b1cce702)
Start importing Assets/Samples/Controller/Controller_Grey.mat using Guid(8335de172c6fb624681ae28db5274929) Importer(2089858483,192608db42251d675da83286b1cce702) (ScriptedImporter) -> (artifact id: '90f3304fb15b18336f75283b17b48694') in 0.0436305 seconds
Number of updated asset objects reloaded before import = 0Number of asset objects unloaded after import = 1

========================================================================
Received Import Request.
  Time since last request: 0.000028 seconds.
  path: Assets/VRogger/Scripts/UI/VRUIController.cs
  artifactKey: Guid(cf870fb271462654a958e45c2ea2b81e) Importer(2089858483,192608db42251d675da83286b1cce702)
Start importing Assets/VRogger/Scripts/UI/VRUIController.cs using Guid(cf870fb271462654a958e45c2ea2b81e) Importer(2089858483,192608db42251d675da83286b1cce702) (ScriptedImporter) -> (artifact id: '2b60b0d6014171035c22392bd27cf83a') in 0.0394173 seconds
Number of updated asset objects reloaded before import = 0Number of asset objects unloaded after import = 0

========================================================================
Received Import Request.
  Time since last request: 0.000015 seconds.
  path: Assets/VRogger/Scripts/Obstacles & Interactables/TimerCollectible.cs
  artifactKey: Guid(6db934adf181beb448bd7ea931bc7cd1) Importer(2089858483,192608db42251d675da83286b1cce702)
Start importing Assets/VRogger/Scripts/Obstacles & Interactables/TimerCollectible.cs using Guid(6db934adf181beb448bd7ea931bc7cd1) Importer(2089858483,192608db42251d675da83286b1cce702) (ScriptedImporter) -> (artifact id: '897fcd672885ccd5daf99f945b819703') in 0.0113652 seconds
Number of updated asset objects reloaded before import = 0Number of asset objects unloaded after import = 0

========================================================================
Received Import Request.
  Time since last request: 0.000029 seconds.
  path: Assets/VRogger/UI/Materials/DisplayLilypad.mat
  artifactKey: Guid(20320cdbdcdbc121eac4989e37f1ce05) Importer(2089858483,192608db42251d675da83286b1cce702)
Start importing Assets/VRogger/UI/Materials/DisplayLilypad.mat using Guid(20320cdbdcdbc121eac4989e37f1ce05) Importer(2089858483,192608db42251d675da83286b1cce702) (ScriptedImporter) -> (artifact id: 'e8de45b3915a18223060b1759773d716') in 0.0242202 seconds
Number of updated asset objects reloaded before import = 0Number of asset objects unloaded after import = 2

========================================================================
Received Import Request.
  Time since last request: 0.000031 seconds.
  path: Assets/VRogger/Blender/Treetrunk/Treetrunk.fbx
  artifactKey: Guid(fbbeff0030e9e8cb79eca316b049be41) Importer(2089858483,192608db42251d675da83286b1cce702)
Start importing Assets/VRogger/Blender/Treetrunk/Treetrunk.fbx using Guid(fbbeff0030e9e8cb79eca316b049be41) Importer(2089858483,192608db42251d675da83286b1cce702) (ScriptedImporter) -> (artifact id: '4314de4cbc98cea09d9e59e1932c1c25') in 0.0387973 seconds
Number of updated asset objects reloaded before import = 0Number of asset objects unloaded after import = 9

========================================================================
Received Import Request.
  Time since last request: 0.000019 seconds.
  path: Assets/VRogger/Scripts/Obstacles & Interactables/ShopItem.cs
  artifactKey: Guid(4aaeca4732653894c8dad348b581732c) Importer(2089858483,192608db42251d675da83286b1cce702)
Start importing Assets/VRogger/Scripts/Obstacles & Interactables/ShopItem.cs using Guid(4aaeca4732653894c8dad348b581732c) Importer(2089858483,192608db42251d675da83286b1cce702) (ScriptedImporter) -> (artifact id: 'b41a284cb51216fd51df626afb299631') in 0.0122838 seconds
Number of updated asset objects reloaded before import = 0Number of asset objects unloaded after import = 0

========================================================================
Received Import Request.
  Time since last request: 0.000018 seconds.
  path: Assets/Samples/Controller/UniversalController_original.fbx
  artifactKey: Guid(c119b0d9f2db19c4c98d736e7c1f84f0) Importer(2089858483,192608db42251d675da83286b1cce702)
Start importing Assets/Samples/Controller/UniversalController_original.fbx using Guid(c119b0d9f2db19c4c98d736e7c1f84f0) Importer(2089858483,192608db42251d675da83286b1cce702) (ScriptedImporter) -> (artifact id: '5d0c7a3d224e2dcb100d78ed137e33b0') in 0.1516717 seconds
Number of updated asset objects reloaded before import = 0Number of asset objects unloaded after import = 58

========================================================================
Received Import Request.
  Time since last request: 0.000029 seconds.
  path: Assets/VRogger/Scripts/UI/Screenshot.cs
  artifactKey: Guid(b56790205f087684f986f35dd2725cb5) Importer(2089858483,192608db42251d675da83286b1cce702)
Start importing Assets/VRogger/Scripts/UI/Screenshot.cs using Guid(b56790205f087684f986f35dd2725cb5) Importer(2089858483,192608db42251d675da83286b1cce702) (ScriptedImporter) -> (artifact id: '9e5c79797fe2c0261d57d28267eb70be') in 0.01871 seconds
Number of updated asset objects reloaded before import = 0Number of asset objects unloaded after import = 0

========================================================================
Received Import Request.
  Time since last request: 0.000046 seconds.
  path: Assets/Resources/Prefabs/PowerUps/TimerCollectible_OLD-2.prefab
  artifactKey: Guid(361470f21617153428400e6fc40ac5e8) Importer(2089858483,192608db42251d675da83286b1cce702)
Start importing Assets/Resources/Prefabs/PowerUps/TimerCollectible_OLD-2.prefab using Guid(361470f21617153428400e6fc40ac5e8) Importer(2089858483,192608db42251d675da83286b1cce702) (ScriptedImporter) -> (artifact id: '3d58bf444fb77ce78ceb38a6fc6820c8') in 0.2880911 seconds
Number of updated asset objects reloaded before import = 0Number of asset objects unloaded after import = 17

========================================================================
Received Import Request.
  Time since last request: 0.000022 seconds.
  path: Assets/VRogger/Scripts/UI/ScreenGlow.cs
  artifactKey: Guid(1183f6268bdea2d4e92d0ecf2fb99a2a) Importer(2089858483,192608db42251d675da83286b1cce702)
Start importing Assets/VRogger/Scripts/UI/ScreenGlow.cs using Guid(1183f6268bdea2d4e92d0ecf2fb99a2a) Importer(2089858483,192608db42251d675da83286b1cce702) (ScriptedImporter) -> (artifact id: '4b29ddef1ac1d5cffa8798867604af56') in 0.0110159 seconds
Number of updated asset objects reloaded before import = 0Number of asset objects unloaded after import = 0

========================================================================
Received Import Request.
  Time since last request: 0.000029 seconds.
  path: Assets/VRogger/Scripts/PlayingField/EnsurePreload.cs
  artifactKey: Guid(26ff9f5ca05e9954d8a436dd20907ae4) Importer(2089858483,192608db42251d675da83286b1cce702)
Start importing Assets/VRogger/Scripts/PlayingField/EnsurePreload.cs using Guid(26ff9f5ca05e9954d8a436dd20907ae4) Importer(2089858483,192608db42251d675da83286b1cce702) (ScriptedImporter) -> (artifact id: '0aad92ae09fc376152809199174ef76f') in 0.0120535 seconds
Number of updated asset objects reloaded before import = 0Number of asset objects unloaded after import = 0

========================================================================
Received Import Request.
  Time since last request: 0.000019 seconds.
  path: Assets/VRogger/Sounds/autodrive.wav
  artifactKey: Guid(49c022691bbc1d54ab7f84bf7e695548) Importer(2089858483,192608db42251d675da83286b1cce702)
Start importing Assets/VRogger/Sounds/autodrive.wav using Guid(49c022691bbc1d54ab7f84bf7e695548) Importer(2089858483,192608db42251d675da83286b1cce702) (ScriptedImporter) -> (artifact id: '04c342ba92cc145086d8243e42bc6702') in 0.1073141 seconds
Number of updated asset objects reloaded before import = 0Number of asset objects unloaded after import = 1

========================================================================
Received Import Request.
  Time since last request: 0.000022 seconds.
  path: Assets/Samples/Controller/FrogAnimator.controller
  artifactKey: Guid(348e96d76752b7d42aee092f604a768b) Importer(2089858483,192608db42251d675da83286b1cce702)
Start importing Assets/Samples/Controller/FrogAnimator.controller using Guid(348e96d76752b7d42aee092f604a768b) Importer(2089858483,192608db42251d675da83286b1cce702) (ScriptedImporter) -> (artifact id: '2e0ae14c80a10cce0152fc25823a6660') in 0.0347969 seconds
Number of updated asset objects reloaded before import = 0Number of asset objects unloaded after import = 7

========================================================================
Received Import Request.
  Time since last request: 0.000028 seconds.
  path: Assets/XR/Settings/OpenXRPackageSettings.asset
  artifactKey: Guid(30bb24b0e232cec44ad5265b2eb2f17d) Importer(2089858483,192608db42251d675da83286b1cce702)
Start importing Assets/XR/Settings/OpenXRPackageSettings.asset using Guid(30bb24b0e232cec44ad5265b2eb2f17d) Importer(2089858483,192608db42251d675da83286b1cce702) (ScriptedImporter) -> (artifact id: '079ac50427fb4d71ae56510cdebc76bd') in 0.1513606 seconds
Number of updated asset objects reloaded before import = 0Number of asset objects unloaded after import = 1

========================================================================
Received Import Request.
  Time since last request: 0.000018 seconds.
  path: Assets/VRogger/Blender/SeeRose/Rose1.png
  artifactKey: Guid(41e3141c3c248cd4b85541dfd3e29475) Importer(2089858483,192608db42251d675da83286b1cce702)
Start importing Assets/VRogger/Blender/SeeRose/Rose1.png using Guid(41e3141c3c248cd4b85541dfd3e29475) Importer(2089858483,192608db42251d675da83286b1cce702) (ScriptedImporter) -> (artifact id: 'c3876dfcd7bc0901ae2f598d119a815e') in 0.0269218 seconds
Number of updated asset objects reloaded before import = 0Number of asset objects unloaded after import = 1

========================================================================
Received Import Request.
  Time since last request: 0.000024 seconds.
  path: Assets/VRogger/Blender/Automat/automat.blend
  artifactKey: Guid(9350c96dada270848acd7dfe7bf99cd4) Importer(2089858483,192608db42251d675da83286b1cce702)
Start importing Assets/VRogger/Blender/Automat/automat.blend using Guid(9350c96dada270848acd7dfe7bf99cd4) Importer(2089858483,192608db42251d675da83286b1cce702) (ScriptedImporter) -> (artifact id: '7ed2c78d478efaf9d3ad99778705eaa7') in 0.0296702 seconds
Number of updated asset objects reloaded before import = 0Number of asset objects unloaded after import = 9

========================================================================
Received Import Request.
  Time since last request: 0.000032 seconds.
  path: Assets/VRogger/Sounds/jump2.wav
  artifactKey: Guid(786ab7d69e2e9024f93a360a4a18fcbc) Importer(2089858483,192608db42251d675da83286b1cce702)
Start importing Assets/VRogger/Sounds/jump2.wav using Guid(786ab7d69e2e9024f93a360a4a18fcbc) Importer(2089858483,192608db42251d675da83286b1cce702) (ScriptedImporter) -> (artifact id: 'f185e26a95145e79ceb9efc40ecf256c') in 0.0625529 seconds
Number of updated asset objects reloaded before import = 0Number of asset objects unloaded after import = 1

========================================================================
Received Import Request.
  Time since last request: 0.000022 seconds.
  path: Assets/VRogger/Prefabs/Shop/Shop-Lilypad.prefab
  artifactKey: Guid(dc667c1eccdf51344b1ac9e191a99a23) Importer(2089858483,192608db42251d675da83286b1cce702)
Start importing Assets/VRogger/Prefabs/Shop/Shop-Lilypad.prefab using Guid(dc667c1eccdf51344b1ac9e191a99a23) Importer(2089858483,192608db42251d675da83286b1cce702) (ScriptedImporter) -> (artifact id: '4ecdf0723fa3c24baeb98bb7b1b656c0') in 0.0945048 seconds
Number of updated asset objects reloaded before import = 0Number of asset objects unloaded after import = 38

========================================================================
Received Import Request.
  Time since last request: 0.000021 seconds.
  path: Assets/VRogger/Scripts/PlayingField/ItemSnapping.cs
  artifactKey: Guid(23f05d6bd77056c49bc392faa5498065) Importer(2089858483,192608db42251d675da83286b1cce702)
Start importing Assets/VRogger/Scripts/PlayingField/ItemSnapping.cs using Guid(23f05d6bd77056c49bc392faa5498065) Importer(2089858483,192608db42251d675da83286b1cce702) (ScriptedImporter) -> (artifact id: 'fa07de9bfe4595f3b39c4ecdf1eb6e9e') in 0.0116717 seconds
Number of updated asset objects reloaded before import = 0Number of asset objects unloaded after import = 0

========================================================================
Received Import Request.
  Time since last request: 0.000028 seconds.
  path: Assets/VRogger/Scripts/Obstacles & Interactables/SnapVisuals.cs
  artifactKey: Guid(ebe761c60c9642041a00c696513a6352) Importer(2089858483,192608db42251d675da83286b1cce702)
Start importing Assets/VRogger/Scripts/Obstacles & Interactables/SnapVisuals.cs using Guid(ebe761c60c9642041a00c696513a6352) Importer(2089858483,192608db42251d675da83286b1cce702) (ScriptedImporter) -> (artifact id: '7edab3425fcc0f131ffc0bb0caa85804') in 0.0130257 seconds
Number of updated asset objects reloaded before import = 0Number of asset objects unloaded after import = 0

========================================================================
Received Import Request.
  Time since last request: 0.000021 seconds.
  path: Assets/VRogger/Scripts/PlayingField/TileGeneratorManual.cs
  artifactKey: Guid(a3ab9da51c4e4c9459518f25af10101f) Importer(2089858483,192608db42251d675da83286b1cce702)
Start importing Assets/VRogger/Scripts/PlayingField/TileGeneratorManual.cs using Guid(a3ab9da51c4e4c9459518f25af10101f) Importer(2089858483,192608db42251d675da83286b1cce702) (ScriptedImporter) -> (artifact id: 'c8ceb8a5078611182a4302e9f41fb682') in 0.0117876 seconds
Number of updated asset objects reloaded before import = 0Number of asset objects unloaded after import = 0

========================================================================
Received Import Request.
  Time since last request: 0.000021 seconds.
  path: Assets/Resources/Prefabs/Tiles/WaterTile.prefab
  artifactKey: Guid(d9e76bd9f7be31346b3f158609e15c8c) Importer(2089858483,192608db42251d675da83286b1cce702)
Start importing Assets/Resources/Prefabs/Tiles/WaterTile.prefab using Guid(d9e76bd9f7be31346b3f158609e15c8c) Importer(2089858483,192608db42251d675da83286b1cce702) (ScriptedImporter) -> (artifact id: '7cc66cac313d0d470c8227243f5d3473') in 0.1015115 seconds
Number of updated asset objects reloaded before import = 0Number of asset objects unloaded after import = 77

========================================================================
Received Prepare
Refreshing native plugins compatible for Editor in 11.36 ms, found 12 plugins.
Preloading 1 native plugins for Editor in 0.18 ms.
Unloading 13 Unused Serialized files (Serialized files now loaded: 0)
Unloading 7094 unused Assets / (4.4 MB). Loaded Objects now: 7876.
Memory consumption went from 149.0 MB to 144.6 MB.
Total: 14.409900 ms (FindLiveObjects: 1.224100 ms CreateObjectMapping: 0.809900 ms MarkObjects: 8.564500 ms  DeleteObjects: 3.809900 ms)

Prepare: number of updated asset objects reloaded= 0
========================================================================
Received Prepare
Begin MonoManager ReloadAssembly
[Licensing::Client] Successfully resolved entitlement details
- Loaded All Assemblies, in  3.469 seconds
Refreshing native plugins compatible for Editor in 9.68 ms, found 12 plugins.
Native extension for WindowsStandalone target not found
[Package Manager] Failed to launch server process. Reason: Unity was launched with the -noUpm command-line argument
[Package Manager] Unable to send message (not connected to server process).
[Package Manager] Cannot connect to Unity Package Manager local server
[Package Manager] Failed to launch server process. Reason: Unity was launched with the -noUpm command-line argument
[Package Manager] Unable to send message (not connected to server process).
[Package Manager] Cannot connect to Unity Package Manager local server
System.Reflection.TargetInvocationException: Exception has been thrown by the target of an invocation. ---> System.NullReferenceException: Object reference not set to an instance of an object
  at Unity.XR.Oculus.OculusLoader.AssetPathToAbsolutePath (System.String assetPath) [0x0003d] in .\Library\PackageCache\com.unity.xr.oculus@44578ba4bd45\Runtime\OculusLoader.cs:312 
  at Unity.XR.Oculus.OculusLoader.EditorLoadOVRPlugin () [0x0008c] in .\Library\PackageCache\com.unity.xr.oculus@44578ba4bd45\Runtime\OculusLoader.cs:297 
  at (wrapper managed-to-native) System.Reflection.RuntimeMethodInfo.InternalInvoke(System.Reflection.RuntimeMethodInfo,object,object[],System.Exception&)
  at System.Reflection.RuntimeMethodInfo.Invoke (System.Object obj, System.Reflection.BindingFlags invokeAttr, System.Reflection.Binder binder, System.Object[] parameters, System.Globalization.CultureInfo culture) [0x0006a] in <59bd7c40c082431db25e1e728ab62789>:0 
   --- End of inner exception stack trace ---
  at System.Reflection.RuntimeMethodInfo.Invoke (System.Object obj, System.Reflection.BindingFlags invokeAttr, System.Reflection.Binder binder, System.Object[] parameters, System.Globalization.CultureInfo culture) [0x00083] in <59bd7c40c082431db25e1e728ab62789>:0 
  at System.Reflection.MethodBase.Invoke (System.Object obj, System.Object[] parameters) [0x00000] in <59bd7c40c082431db25e1e728ab62789>:0 
  at UnityEditor.EditorAssemblies.ProcessInitializeOnLoadMethodAttributes () [0x00087] in <8081513dc2364383b8289d30d2169b2e>:0 
UnityEngine.Debug:ExtractStackTraceNoAlloc (byte*,int,string)
UnityEngine.StackTraceUtility:ExtractStackTrace ()
UnityEngine.DebugLogHandler:Internal_Log (UnityEngine.LogType,UnityEngine.LogOption,string,UnityEngine.Object)
UnityEngine.DebugLogHandler:LogFormat (UnityEngine.LogType,UnityEngine.Object,string,object[])
UnityEngine.Logger:Log (UnityEngine.LogType,object)
UnityEngine.Debug:LogError (object)
UnityEditor.EditorAssemblies:ProcessInitializeOnLoadMethodAttributes ()

Mono: successfully reloaded assembly
[Package Manager] Failed to launch server process. Reason: Unity was launched with the -noUpm command-line argument
[Package Manager] Unable to send message (not connected to server process).
[Package Manager] Cannot connect to Unity Package Manager local server
- Finished resetting the current domain, in  1.072 seconds
Domain Reload Profiling: 4540ms
	BeginReloadAssembly (608ms)
		ExecutionOrderSort (0ms)
		DisableScriptedObjects (8ms)
		BackupInstance (0ms)
		ReleaseScriptingObjects (0ms)
		CreateAndSetChildDomain (89ms)
	RebuildCommonClasses (179ms)
	RebuildNativeTypeToScriptingClass (21ms)
	initialDomainReloadingComplete (43ms)
	LoadAllAssembliesAndSetupDomain (2616ms)
		LoadAssemblies (2762ms)
		RebuildTransferFunctionScriptingTraits (0ms)
		AnalyzeDomain (284ms)
			TypeCache.Refresh (14ms)
				TypeCache.ScanAssembly (1ms)
			BuildScriptInfoCaches (245ms)
			ResolveRequiredComponents (21ms)
	FinalizeReload (1073ms)
		ReleaseScriptCaches (0ms)
		RebuildScriptCaches (0ms)
		SetupLoadedEditorAssemblies (849ms)
			LogAssemblyErrors (0ms)
			InitializePlatformSupportModulesInManaged (3ms)
			SetLoadedEditorAssemblies (7ms)
			BeforeProcessingInitializeOnLoad (185ms)
			ProcessInitializeOnLoadAttributes (488ms)
			ProcessInitializeOnLoadMethodAttributes (158ms)
			AfterProcessingInitializeOnLoad (9ms)
			EditorAssembliesLoaded (1ms)
		ExecutionOrderSort2 (0ms)
		AwakeInstancesAfterBackupRestoration (22ms)
Refreshing native plugins compatible for Editor in 15.95 ms, found 12 plugins.
Preloading 1 native plugins for Editor in 0.10 ms.
Unloading 13 Unused Serialized files (Serialized files now loaded: 0)
Unloading 7127 unused Assets / (3.0 MB). Loaded Objects now: 7900.
Memory consumption went from 149.9 MB to 146.9 MB.
Total: 23.122300 ms (FindLiveObjects: 1.395600 ms CreateObjectMapping: 1.993200 ms MarkObjects: 13.899400 ms  DeleteObjects: 5.831500 ms)

Prepare: number of updated asset objects reloaded= 0
========================================================================
Received Prepare
Refreshing native plugins compatible for Editor in 11.53 ms, found 12 plugins.
Preloading 1 native plugins for Editor in 0.08 ms.
Unloading 13 Unused Serialized files (Serialized files now loaded: 0)
Unloading 7089 unused Assets / (4.1 MB). Loaded Objects now: 7877.
Memory consumption went from 152.0 MB to 147.9 MB.
Total: 12.623000 ms (FindLiveObjects: 1.159500 ms CreateObjectMapping: 1.788000 ms MarkObjects: 6.373000 ms  DeleteObjects: 3.301000 ms)

Prepare: number of updated asset objects reloaded= 0
========================================================================
Received Import Request.
  Time since last request: 48.197344 seconds.
  path: Assets/VRogger/UI/Materials/DisplayTime.mat
  artifactKey: Guid(091698d9cb68505539247f551e2c526c) Importer(2089858483,192608db42251d675da83286b1cce702)
Start importing Assets/VRogger/UI/Materials/DisplayTime.mat using Guid(091698d9cb68505539247f551e2c526c) Importer(2089858483,192608db42251d675da83286b1cce702) (ScriptedImporter) -> (artifact id: '1715fb635cabd14f5da112a4e944be35') in 0.3849843 seconds
Number of updated asset objects reloaded before import = 0Number of asset objects unloaded after import = 1

========================================================================
Received Prepare
Begin MonoManager ReloadAssembly
- Loaded All Assemblies, in  1.074 seconds
Refreshing native plugins compatible for Editor in 11.69 ms, found 12 plugins.
Native extension for WindowsStandalone target not found
[Package Manager] Failed to launch server process. Reason: Unity was launched with the -noUpm command-line argument
[Package Manager] Unable to send message (not connected to server process).
[Package Manager] Cannot connect to Unity Package Manager local server
[Package Manager] Failed to launch server process. Reason: Unity was launched with the -noUpm command-line argument
[Package Manager] Unable to send message (not connected to server process).
[Package Manager] Cannot connect to Unity Package Manager local server
System.Reflection.TargetInvocationException: Exception has been thrown by the target of an invocation. ---> System.NullReferenceException: Object reference not set to an instance of an object
  at Unity.XR.Oculus.OculusLoader.AssetPathToAbsolutePath (System.String assetPath) [0x0003d] in .\Library\PackageCache\com.unity.xr.oculus@44578ba4bd45\Runtime\OculusLoader.cs:312 
  at Unity.XR.Oculus.OculusLoader.EditorLoadOVRPlugin () [0x0008c] in .\Library\PackageCache\com.unity.xr.oculus@44578ba4bd45\Runtime\OculusLoader.cs:297 
  at (wrapper managed-to-native) System.Reflection.RuntimeMethodInfo.InternalInvoke(System.Reflection.RuntimeMethodInfo,object,object[],System.Exception&)
  at System.Reflection.RuntimeMethodInfo.Invoke (System.Object obj, System.Reflection.BindingFlags invokeAttr, System.Reflection.Binder binder, System.Object[] parameters, System.Globalization.CultureInfo culture) [0x0006a] in <59bd7c40c082431db25e1e728ab62789>:0 
   --- End of inner exception stack trace ---
  at System.Reflection.RuntimeMethodInfo.Invoke (System.Object obj, System.Reflection.BindingFlags invokeAttr, System.Reflection.Binder binder, System.Object[] parameters, System.Globalization.CultureInfo culture) [0x00083] in <59bd7c40c082431db25e1e728ab62789>:0 
  at System.Reflection.MethodBase.Invoke (System.Object obj, System.Object[] parameters) [0x00000] in <59bd7c40c082431db25e1e728ab62789>:0 
  at UnityEditor.EditorAssemblies.ProcessInitializeOnLoadMethodAttributes () [0x00087] in <8081513dc2364383b8289d30d2169b2e>:0 
UnityEngine.Debug:ExtractStackTraceNoAlloc (byte*,int,string)
UnityEngine.StackTraceUtility:ExtractStackTrace ()
UnityEngine.DebugLogHandler:Internal_Log (UnityEngine.LogType,UnityEngine.LogOption,string,UnityEngine.Object)
UnityEngine.DebugLogHandler:LogFormat (UnityEngine.LogType,UnityEngine.Object,string,object[])
UnityEngine.Logger:Log (UnityEngine.LogType,object)
UnityEngine.Debug:LogError (object)
UnityEditor.EditorAssemblies:ProcessInitializeOnLoadMethodAttributes ()

Mono: successfully reloaded assembly
[Package Manager] Failed to launch server process. Reason: Unity was launched with the -noUpm command-line argument
[Package Manager] Unable to send message (not connected to server process).
[Package Manager] Cannot connect to Unity Package Manager local server
- Finished resetting the current domain, in  1.185 seconds
Domain Reload Profiling: 2257ms
	BeginReloadAssembly (300ms)
		ExecutionOrderSort (0ms)
		DisableScriptedObjects (8ms)
		BackupInstance (0ms)
		ReleaseScriptingObjects (0ms)
		CreateAndSetChildDomain (80ms)
	RebuildCommonClasses (51ms)
	RebuildNativeTypeToScriptingClass (19ms)
	initialDomainReloadingComplete (41ms)
	LoadAllAssembliesAndSetupDomain (660ms)
		LoadAssemblies (491ms)
		RebuildTransferFunctionScriptingTraits (0ms)
		AnalyzeDomain (306ms)
			TypeCache.Refresh (16ms)
				TypeCache.ScanAssembly (2ms)
			BuildScriptInfoCaches (266ms)
			ResolveRequiredComponents (19ms)
	FinalizeReload (1186ms)
		ReleaseScriptCaches (0ms)
		RebuildScriptCaches (0ms)
		SetupLoadedEditorAssemblies (940ms)
			LogAssemblyErrors (0ms)
			InitializePlatformSupportModulesInManaged (2ms)
			SetLoadedEditorAssemblies (6ms)
			BeforeProcessingInitializeOnLoad (214ms)
			ProcessInitializeOnLoadAttributes (538ms)
			ProcessInitializeOnLoadMethodAttributes (170ms)
			AfterProcessingInitializeOnLoad (9ms)
			EditorAssembliesLoaded (0ms)
		ExecutionOrderSort2 (0ms)
		AwakeInstancesAfterBackupRestoration (21ms)
Refreshing native plugins compatible for Editor in 11.13 ms, found 12 plugins.
Preloading 1 native plugins for Editor in 0.07 ms.
Unloading 13 Unused Serialized files (Serialized files now loaded: 0)
Unloading 7126 unused Assets / (4.9 MB). Loaded Objects now: 7901.
Memory consumption went from 147.6 MB to 142.7 MB.
Total: 12.287700 ms (FindLiveObjects: 1.065900 ms CreateObjectMapping: 0.629200 ms MarkObjects: 6.722200 ms  DeleteObjects: 3.869000 ms)

Prepare: number of updated asset objects reloaded= 0
========================================================================
Received Import Request.
  Time since last request: 22.184192 seconds.
  path: Assets/TestCar.cs
  artifactKey: Guid(7084ce19cc4e0c245b5984dced849fd7) Importer(815301076,1909f56bfc062723c751e8b465ee728b)
Start importing Assets/TestCar.cs using Guid(7084ce19cc4e0c245b5984dced849fd7) Importer(815301076,1909f56bfc062723c751e8b465ee728b) (PreviewImporter) -> (artifact id: '0119bdfbce748eb9ff8f80a630e8c35c') in 0.0018478 seconds
Number of updated asset objects reloaded before import = 0Number of asset objects unloaded after import = 0

========================================================================
Received Import Request.
  Time since last request: 3.624647 seconds.
  path: Assets/TestGoal.cs
  artifactKey: Guid(dd17ee45967ca4a44a0dda16274b264e) Importer(815301076,1909f56bfc062723c751e8b465ee728b)
Start importing Assets/TestGoal.cs using Guid(dd17ee45967ca4a44a0dda16274b264e) Importer(815301076,1909f56bfc062723c751e8b465ee728b) (PreviewImporter) -> (artifact id: 'daecd3564fba1479c751382ace282e26') in 0.0006635 seconds
Number of updated asset objects reloaded before import = 0Number of asset objects unloaded after import = 0

========================================================================
Received Import Request.
  Time since last request: 0.789066 seconds.
  path: Assets/TestPlatform.cs
  artifactKey: Guid(50e989f05807711469f201d7ecfd8fc9) Importer(815301076,1909f56bfc062723c751e8b465ee728b)
Start importing Assets/TestPlatform.cs using Guid(50e989f05807711469f201d7ecfd8fc9) Importer(815301076,1909f56bfc062723c751e8b465ee728b) (PreviewImporter) -> (artifact id: '99e3514e8ddcb636d80987f0faa8c118') in 0.0006579 seconds
Number of updated asset objects reloaded before import = 0Number of asset objects unloaded after import = 0

========================================================================
Received Prepare
Refreshing native plugins compatible for Editor in 11.06 ms, found 12 plugins.
Preloading 1 native plugins for Editor in 0.07 ms.
Unloading 13 Unused Serialized files (Serialized files now loaded: 0)
Unloading 7086 unused Assets / (4.7 MB). Loaded Objects now: 7877.
Memory consumption went from 147.4 MB to 142.7 MB.
Total: 15.730300 ms (FindLiveObjects: 1.187600 ms CreateObjectMapping: 1.487900 ms MarkObjects: 8.280700 ms  DeleteObjects: 4.772500 ms)

Prepare: number of updated asset objects reloaded= 0
========================================================================
Received Import Request.
  Time since last request: 35.376862 seconds.
  path: Assets/XRI/Settings/Resources/XRDeviceSimulatorSettings.asset
  artifactKey: Guid(06bf96eda720c2d4683bb366a6c0d006) Importer(2089858483,192608db42251d675da83286b1cce702)
Start importing Assets/XRI/Settings/Resources/XRDeviceSimulatorSettings.asset using Guid(06bf96eda720c2d4683bb366a6c0d006) Importer(2089858483,192608db42251d675da83286b1cce702) (ScriptedImporter) -> (artifact id: '387ae497dc246a839209db6844300ab1') in 0.3746632 seconds
Number of updated asset objects reloaded before import = 0Number of asset objects unloaded after import = 1

========================================================================
Received Prepare
Begin MonoManager ReloadAssembly
[Licensing::Client] Successfully resolved entitlement details
- Loaded All Assemblies, in  1.087 seconds
Refreshing native plugins compatible for Editor in 10.22 ms, found 12 plugins.
Native extension for WindowsStandalone target not found
[Package Manager] Failed to launch server process. Reason: Unity was launched with the -noUpm command-line argument
[Package Manager] Unable to send message (not connected to server process).
[Package Manager] Cannot connect to Unity Package Manager local server
[Package Manager] Failed to launch server process. Reason: Unity was launched with the -noUpm command-line argument
[Package Manager] Unable to send message (not connected to server process).
[Package Manager] Cannot connect to Unity Package Manager local server
System.Reflection.TargetInvocationException: Exception has been thrown by the target of an invocation. ---> System.NullReferenceException: Object reference not set to an instance of an object
  at Unity.XR.Oculus.OculusLoader.AssetPathToAbsolutePath (System.String assetPath) [0x0003d] in .\Library\PackageCache\com.unity.xr.oculus@44578ba4bd45\Runtime\OculusLoader.cs:312 
  at Unity.XR.Oculus.OculusLoader.EditorLoadOVRPlugin () [0x0008c] in .\Library\PackageCache\com.unity.xr.oculus@44578ba4bd45\Runtime\OculusLoader.cs:297 
  at (wrapper managed-to-native) System.Reflection.RuntimeMethodInfo.InternalInvoke(System.Reflection.RuntimeMethodInfo,object,object[],System.Exception&)
  at System.Reflection.RuntimeMethodInfo.Invoke (System.Object obj, System.Reflection.BindingFlags invokeAttr, System.Reflection.Binder binder, System.Object[] parameters, System.Globalization.CultureInfo culture) [0x0006a] in <59bd7c40c082431db25e1e728ab62789>:0 
   --- End of inner exception stack trace ---
  at System.Reflection.RuntimeMethodInfo.Invoke (System.Object obj, System.Reflection.BindingFlags invokeAttr, System.Reflection.Binder binder, System.Object[] parameters, System.Globalization.CultureInfo culture) [0x00083] in <59bd7c40c082431db25e1e728ab62789>:0 
  at System.Reflection.MethodBase.Invoke (System.Object obj, System.Object[] parameters) [0x00000] in <59bd7c40c082431db25e1e728ab62789>:0 
  at UnityEditor.EditorAssemblies.ProcessInitializeOnLoadMethodAttributes () [0x00087] in <8081513dc2364383b8289d30d2169b2e>:0 
UnityEngine.Debug:ExtractStackTraceNoAlloc (byte*,int,string)
UnityEngine.StackTraceUtility:ExtractStackTrace ()
UnityEngine.DebugLogHandler:Internal_Log (UnityEngine.LogType,UnityEngine.LogOption,string,UnityEngine.Object)
UnityEngine.DebugLogHandler:LogFormat (UnityEngine.LogType,UnityEngine.Object,string,object[])
UnityEngine.Logger:Log (UnityEngine.LogType,object)
UnityEngine.Debug:LogError (object)
UnityEditor.EditorAssemblies:ProcessInitializeOnLoadMethodAttributes ()

Mono: successfully reloaded assembly
[Package Manager] Failed to launch server process. Reason: Unity was launched with the -noUpm command-line argument
[Package Manager] Unable to send message (not connected to server process).
[Package Manager] Cannot connect to Unity Package Manager local server
- Finished resetting the current domain, in  1.144 seconds
Domain Reload Profiling: 2230ms
	BeginReloadAssembly (322ms)
		ExecutionOrderSort (0ms)
		DisableScriptedObjects (9ms)
		BackupInstance (0ms)
		ReleaseScriptingObjects (0ms)
		CreateAndSetChildDomain (86ms)
	RebuildCommonClasses (64ms)
	RebuildNativeTypeToScriptingClass (20ms)
	initialDomainReloadingComplete (45ms)
	LoadAllAssembliesAndSetupDomain (636ms)
		LoadAssemblies (474ms)
		RebuildTransferFunctionScriptingTraits (0ms)
		AnalyzeDomain (304ms)
			TypeCache.Refresh (13ms)
				TypeCache.ScanAssembly (1ms)
			BuildScriptInfoCaches (265ms)
			ResolveRequiredComponents (20ms)
	FinalizeReload (1145ms)
		ReleaseScriptCaches (0ms)
		RebuildScriptCaches (0ms)
		SetupLoadedEditorAssemblies (896ms)
			LogAssemblyErrors (0ms)
			InitializePlatformSupportModulesInManaged (3ms)
			SetLoadedEditorAssemblies (5ms)
			BeforeProcessingInitializeOnLoad (185ms)
			ProcessInitializeOnLoadAttributes (528ms)
			ProcessInitializeOnLoadMethodAttributes (164ms)
			AfterProcessingInitializeOnLoad (9ms)
			EditorAssembliesLoaded (1ms)
		ExecutionOrderSort2 (0ms)
		AwakeInstancesAfterBackupRestoration (21ms)
Refreshing native plugins compatible for Editor in 10.23 ms, found 12 plugins.
Preloading 1 native plugins for Editor in 0.06 ms.
Unloading 13 Unused Serialized files (Serialized files now loaded: 0)
Unloading 7122 unused Assets / (4.4 MB). Loaded Objects now: 7901.
Memory consumption went from 147.7 MB to 143.3 MB.
Total: 10.392600 ms (FindLiveObjects: 0.985100 ms CreateObjectMapping: 0.689300 ms MarkObjects: 5.942000 ms  DeleteObjects: 2.775100 ms)

Prepare: number of updated asset objects reloaded= 0
Editor requested this worker to shutdown with reason: Scaling down because of idle timeout
AssetImportWorker is now disconnected from the server
Process exiting
Exiting without the bug reporter. Application will terminate with return code 0